2019-01-08 13:27:40,867 [TestNG-suites-1] [factory.abst.impl.HttpPostRequest] [ERROR] - POST request failed[http://localhost:7775/add]
2019-01-08 13:27:41,982 [TestNG-suites-1] [factory.abst.impl.HttpPostRequest] [ERROR] - POST request failed[http://localhost:7775/add]
2019-01-08 13:27:42,990 [TestNG-suites-1] [factory.abst.impl.HttpPostRequest] [ERROR] - POST request failed[http://localhost:7775/add]
2019-01-08 13:27:42,991 [TestNG-suites-1] [strategy.impl.JSONStrategy] [INFO] - Expection: {"errNo":0,"data":"7","errMsg":"0"}
2019-01-08 13:27:42,991 [TestNG-suites-1] [strategy.impl.JSONStrategy] [INFO] - Actual : null
2019-01-08 13:28:38,792 [TestNG-suites-1] [factory.abst.impl.HttpPostRequest] [INFO] - POST request succeeds[http://localhost:7775/add]
2019-01-08 13:28:38,849 [TestNG-suites-1] [strategy.impl.JSONStrategy] [INFO] - Expection: {"errNo":0,"data":"3","errMsg":"0"}
2019-01-08 13:28:38,849 [TestNG-suites-1] [strategy.impl.JSONStrategy] [INFO] - Actual : {"errNo":0,"data":"3","errMsg":"0"}
2019-01-08 13:28:39,190 [TestNG-suites-1] [verify.impl.SQLImpl] [INFO] - Exec Sql: select state from walle_core.buckets where bucketID = 1
2019-01-08 13:28:39,190 [TestNG-suites-1] [verify.impl.SQLImpl] [INFO] - Check Sql Result: state = STATIC Success
2019-01-08 13:28:39,210 [TestNG-suites-1] [factory.abst.impl.HttpPostRequest] [INFO] - POST request succeeds[http://localhost:7775/add]
2019-01-08 13:28:39,211 [TestNG-suites-1] [strategy.impl.JSONStrategy] [INFO] - Expection: {"errNo":0,"data":"5","errMsg":"0"}
2019-01-08 13:28:39,212 [TestNG-suites-1] [strategy.impl.JSONStrategy] [INFO] - Actual : {"errNo":0,"data":"5","errMsg":"0"}
2019-01-08 13:28:39,214 [TestNG-suites-1] [verify.impl.SQLImpl] [INFO] - Exec Sql: select state from walle_core.buckets where bucketID = 1
2019-01-08 13:28:39,214 [TestNG-suites-1] [verify.impl.SQLImpl] [INFO] - Check Sql Result: state = STATIC Success
2019-01-08 13:28:39,225 [TestNG-suites-1] [factory.abst.impl.HttpPostRequest] [INFO] - POST request succeeds[http://localhost:7775/add]
2019-01-08 13:28:39,226 [TestNG-suites-1] [strategy.impl.JSONStrategy] [INFO] - Expection: {"errNo":0,"data":"7","errMsg":"0"}
2019-01-08 13:28:39,227 [TestNG-suites-1] [strategy.impl.JSONStrategy] [INFO] - Actual : {"errNo":0,"data":"7","errMsg":"0"}
2019-01-08 13:28:39,228 [TestNG-suites-1] [verify.impl.SQLImpl] [INFO] - Exec Sql: select state from walle_core.buckets where bucketID = 1
2019-01-08 13:28:39,229 [TestNG-suites-1] [verify.impl.SQLImpl] [INFO] - Check Sql Result: state = STATIC Success
